[2024-03-13 15:46:13,222] {taskinstance.py:1032} INFO - Dependencies all met for <TaskInstance: dag_ml_life_cycle.evaluate_model scheduled__2024-03-12T20:42:08.635057+00:00 [queued]>
[2024-03-13 15:46:13,285] {taskinstance.py:1032} INFO - Dependencies all met for <TaskInstance: dag_ml_life_cycle.evaluate_model scheduled__2024-03-12T20:42:08.635057+00:00 [queued]>
[2024-03-13 15:46:13,285] {taskinstance.py:1238} INFO - 
--------------------------------------------------------------------------------
[2024-03-13 15:46:13,285] {taskinstance.py:1239} INFO - Starting attempt 1 of 1
[2024-03-13 15:46:13,286] {taskinstance.py:1240} INFO - 
--------------------------------------------------------------------------------
[2024-03-13 15:46:13,293] {taskinstance.py:1259} INFO - Executing <Task(_PythonDecoratedOperator): evaluate_model> on 2024-03-12 20:42:08.635057+00:00
[2024-03-13 15:46:13,299] {standard_task_runner.py:52} INFO - Started process 90486 to run task
[2024-03-13 15:46:13,305] {standard_task_runner.py:76} INFO - Running: ['airflow', 'tasks', 'run', 'dag_ml_life_cycle', 'evaluate_model', 'scheduled__2024-03-12T20:42:08.635057+00:00', '--job-id', '12', '--raw', '--subdir', 'DAGS_FOLDER/lifecycle_ml_example/dags/dag_ml_life_cycle.py', '--cfg-path', '/var/folders/t4/c2kdpvnj6r793w3k056dkc640000gp/T/tmp1zr86qrb', '--error-file', '/var/folders/t4/c2kdpvnj6r793w3k056dkc640000gp/T/tmphbj8ci3b']
[2024-03-13 15:46:13,308] {standard_task_runner.py:77} INFO - Job 12: Subtask evaluate_model
[2024-03-13 15:46:13,347] {logging_mixin.py:109} INFO - Running <TaskInstance: dag_ml_life_cycle.evaluate_model scheduled__2024-03-12T20:42:08.635057+00:00 [running]> on host 1.0.0.0.0.0.0.0.0.0.0.0.0.0.0.0.0.0.0.0.0.0.0.0.0.0.0.0.0.0.0.0.ip6.arpa
[2024-03-13 15:46:13,373] {taskinstance.py:1424} INFO - Exporting the following env vars:
AIRFLOW_CTX_DAG_EMAIL=airflow@example.com
AIRFLOW_CTX_DAG_OWNER=airflow
AIRFLOW_CTX_DAG_ID=dag_ml_life_cycle
AIRFLOW_CTX_TASK_ID=evaluate_model
AIRFLOW_CTX_EXECUTION_DATE=2024-03-12T20:42:08.635057+00:00
AIRFLOW_CTX_DAG_RUN_ID=scheduled__2024-03-12T20:42:08.635057+00:00
[2024-03-13 15:46:13,374] {dag_ml_life_cycle.py:67} INFO - Getting gold data from ml_lifecycle_airflow/in-vehicle-coupon-recommendation_gold.csv ...
[2024-03-13 15:46:21,924] {dag_ml_life_cycle.py:79} INFO - Downloading model from ml_lifecycle_airflow/artifacts/model.pkl ...
[2024-03-13 15:46:24,219] {logging_mixin.py:109} INFO - File artifacts/model.pkl downloaded in /tmp/model.pkl.
[2024-03-13 15:46:24,226] {training.py:111} INFO - Model loaded from /tmp/model.pkl
[2024-03-13 15:46:24,227] {dag_ml_life_cycle.py:86} INFO - Evaluating model ...
[2024-03-13 15:46:24,318] {logging_mixin.py:109} INFO - accuracy (test): 0.7425323817076395
[2024-03-13 15:46:24,318] {logging_mixin.py:109} INFO - precision (test): 0.7490297542043984
[2024-03-13 15:46:24,319] {logging_mixin.py:109} INFO - recall (test): 0.8158759981211836
[2024-03-13 15:46:24,319] {logging_mixin.py:109} INFO - roc-auc (train-proba): 0.9961175563723904
[2024-03-13 15:46:24,319] {logging_mixin.py:109} INFO - roc-auc (test-proba): 0.8127045016053429
[2024-03-13 15:46:24,321] {dag_ml_life_cycle.py:93} INFO - Uploading metrics to ml_lifecycle_airflow/in-vehicle-coupon-recommendation_gold.csv ...
[2024-03-13 15:46:24,322] {taskinstance.py:1700} ERROR - Task failed with exception
Traceback (most recent call last):
  File "/Users/macbook/anaconda3/envs/airflow_env/lib/python3.9/site-packages/airflow/models/taskinstance.py", line 1329, in _run_raw_task
    self._execute_task_with_callbacks(context)
  File "/Users/macbook/anaconda3/envs/airflow_env/lib/python3.9/site-packages/airflow/models/taskinstance.py", line 1455, in _execute_task_with_callbacks
    result = self._execute_task(context, self.task)
  File "/Users/macbook/anaconda3/envs/airflow_env/lib/python3.9/site-packages/airflow/models/taskinstance.py", line 1511, in _execute_task
    result = execute_callable(context=context)
  File "/Users/macbook/anaconda3/envs/airflow_env/lib/python3.9/site-packages/airflow/decorators/base.py", line 134, in execute
    return_value = super().execute(context)
  File "/Users/macbook/anaconda3/envs/airflow_env/lib/python3.9/site-packages/airflow/operators/python.py", line 174, in execute
    return_value = self.execute_callable()
  File "/Users/macbook/anaconda3/envs/airflow_env/lib/python3.9/site-packages/airflow/operators/python.py", line 185, in execute_callable
    return self.python_callable(*self.op_args, **self.op_kwargs)
  File "/Users/macbook/Desktop/airflow_tutorial/airflow/dags/lifecycle_ml_example/dags/dag_ml_life_cycle.py", line 94, in evaluate_model_task
    get_blob_as_dataframe(
TypeError: get_blob_as_dataframe() takes 2 positional arguments but 3 were given
[2024-03-13 15:46:24,331] {taskinstance.py:1267} INFO - Marking task as FAILED. dag_id=dag_ml_life_cycle, task_id=evaluate_model, execution_date=20240312T204208, start_date=20240313T204613, end_date=20240313T204624
[2024-03-13 15:46:24,339] {standard_task_runner.py:89} ERROR - Failed to execute job 12 for task evaluate_model
Traceback (most recent call last):
  File "/Users/macbook/anaconda3/envs/airflow_env/lib/python3.9/site-packages/airflow/task/task_runner/standard_task_runner.py", line 85, in _start_by_fork
    args.func(args, dag=self.dag)
  File "/Users/macbook/anaconda3/envs/airflow_env/lib/python3.9/site-packages/airflow/cli/cli_parser.py", line 48, in command
    return func(*args, **kwargs)
  File "/Users/macbook/anaconda3/envs/airflow_env/lib/python3.9/site-packages/airflow/utils/cli.py", line 92, in wrapper
    return f(*args, **kwargs)
  File "/Users/macbook/anaconda3/envs/airflow_env/lib/python3.9/site-packages/airflow/cli/commands/task_command.py", line 298, in task_run
    _run_task_by_selected_method(args, dag, ti)
  File "/Users/macbook/anaconda3/envs/airflow_env/lib/python3.9/site-packages/airflow/cli/commands/task_command.py", line 107, in _run_task_by_selected_method
    _run_raw_task(args, ti)
  File "/Users/macbook/anaconda3/envs/airflow_env/lib/python3.9/site-packages/airflow/cli/commands/task_command.py", line 180, in _run_raw_task
    ti._run_raw_task(
  File "/Users/macbook/anaconda3/envs/airflow_env/lib/python3.9/site-packages/airflow/utils/session.py", line 70, in wrapper
    return func(*args, session=session, **kwargs)
  File "/Users/macbook/anaconda3/envs/airflow_env/lib/python3.9/site-packages/airflow/models/taskinstance.py", line 1329, in _run_raw_task
    self._execute_task_with_callbacks(context)
  File "/Users/macbook/anaconda3/envs/airflow_env/lib/python3.9/site-packages/airflow/models/taskinstance.py", line 1455, in _execute_task_with_callbacks
    result = self._execute_task(context, self.task)
  File "/Users/macbook/anaconda3/envs/airflow_env/lib/python3.9/site-packages/airflow/models/taskinstance.py", line 1511, in _execute_task
    result = execute_callable(context=context)
  File "/Users/macbook/anaconda3/envs/airflow_env/lib/python3.9/site-packages/airflow/decorators/base.py", line 134, in execute
    return_value = super().execute(context)
  File "/Users/macbook/anaconda3/envs/airflow_env/lib/python3.9/site-packages/airflow/operators/python.py", line 174, in execute
    return_value = self.execute_callable()
  File "/Users/macbook/anaconda3/envs/airflow_env/lib/python3.9/site-packages/airflow/operators/python.py", line 185, in execute_callable
    return self.python_callable(*self.op_args, **self.op_kwargs)
  File "/Users/macbook/Desktop/airflow_tutorial/airflow/dags/lifecycle_ml_example/dags/dag_ml_life_cycle.py", line 94, in evaluate_model_task
    get_blob_as_dataframe(
TypeError: get_blob_as_dataframe() takes 2 positional arguments but 3 were given
[2024-03-13 15:46:24,366] {local_task_job.py:154} INFO - Task exited with return code 1
[2024-03-13 15:46:24,385] {local_task_job.py:264} INFO - 0 downstream tasks scheduled from follow-on schedule check
